<?xml version="1.0" encoding="UTF-8"?>
<!-- Generated by org.testng.reporters.JUnitReportReporter -->
<testsuite skipped="0" hostname="DESKTOP-280B4F5" name="Com_DemoActiTime_Tests.Demo" tests="1" failures="0" timestamp="30 Apr 2020 11:12:53 GMT" time="89.281" errors="0">
  <testcase name="TestA" time="89.281" classname="Com_DemoActiTime_Tests.Demo"/>
</testsuite> <!-- Com_DemoActiTime_Tests.Demo -->
