<?xml version="1.0" encoding="UTF-8"?>
<!-- Generated by org.testng.reporters.JUnitReportReporter -->
<testsuite skipped="0" hostname="DESKTOP-280B4F5" name="MySQL.DemoB" tests="1" failures="0" timestamp="08 May 2020 11:13:43 GMT" time="0.789" errors="0">
  <testcase name="TestA" time="0.789" classname="MySQL.DemoB"/>
</testsuite> <!-- MySQL.DemoB -->
