<?xml version="1.0" encoding="UTF-8"?>
<!-- Generated by org.testng.reporters.JUnitReportReporter -->
<testsuite skipped="0" hostname="DESKTOP-280B4F5" name="Com_DemoActiTime_Tests.mailConfigur" tests="2" failures="0" timestamp="05 May 2020 09:45:13 GMT" time="0.016" errors="0">
  <testcase name="test2" time="0.006" classname="Com_DemoActiTime_Tests.mailConfigur"/>
  <testcase name="test1" time="0.010" classname="Com_DemoActiTime_Tests.mailConfigur"/>
</testsuite> <!-- Com_DemoActiTime_Tests.mailConfigur -->
