<?xml version="1.0" encoding="UTF-8"?>
<!-- Generated by org.testng.reporters.JUnitReportReporter -->
<testsuite skipped="0" hostname="DESKTOP-280B4F5" name="TestNGListener.InvokedMethodListenerTest" tests="2" failures="0" timestamp="05 May 2020 10:40:05 GMT" time="0.019" errors="0">
  <testcase name="test2" time="0.009" classname="TestNGListener.InvokedMethodListenerTest"/>
  <testcase name="test1" time="0.010" classname="TestNGListener.InvokedMethodListenerTest"/>
</testsuite> <!-- TestNGListener.InvokedMethodListenerTest -->
