<?xml version="1.0" encoding="UTF-8"?>
<!-- Generated by org.testng.reporters.JUnitReportReporter -->
<testsuite skipped="0" hostname="DESKTOP-280B4F5" name="Com_DemoActiTime_Tests.DemoC" tests="1" failures="0" timestamp="01 May 2020 11:03:19 GMT" time="0.045" errors="0">
  <testcase name="TestA" time="0.045" classname="Com_DemoActiTime_Tests.DemoC"/>
</testsuite> <!-- Com_DemoActiTime_Tests.DemoC -->
