<?xml version="1.0" encoding="UTF-8"?>
<!-- Generated by org.testng.reporters.JUnitReportReporter -->
<testsuite skipped="0" hostname="DESKTOP-280B4F5" name="MySQL.DemoC" tests="1" failures="0" timestamp="11 May 2020 09:58:52 GMT" time="25.743" errors="0">
  <testcase name="TestA" time="25.743" classname="MySQL.DemoC"/>
</testsuite> <!-- MySQL.DemoC -->
