<?xml version="1.0" encoding="UTF-8"?>
<!-- Generated by org.testng.reporters.JUnitReportReporter -->
<testsuite skipped="0" hostname="DESKTOP-280B4F5" name="Reports.Demo" tests="1" failures="0" timestamp="11 May 2020 10:46:08 GMT" time="23.767" errors="0">
  <testcase name="testA" time="23.767" classname="Reports.Demo"/>
</testsuite> <!-- Reports.Demo -->
