<?xml version="1.0" encoding="UTF-8"?>
<!-- Generated by org.testng.reporters.JUnitReportReporter -->
<testsuite skipped="0" hostname="DESKTOP-280B4F5" name="Test.Test2" tests="1" failures="0" timestamp="07 May 2020 09:20:22 GMT" time="0.005" errors="0">
  <testcase name="test2" time="0.005" classname="Test.Test2"/>
</testsuite> <!-- Test.Test2 -->
