<?xml version="1.0" encoding="UTF-8"?>
<!-- Generated by org.testng.reporters.JUnitReportReporter -->
<testsuite skipped="0" hostname="DESKTOP-280B4F5" name="TestNGLinstenerSuite.SuiteListenerTest1" tests="1" failures="0" timestamp="07 May 2020 10:15:44 GMT" time="0.026" errors="0">
  <testcase name="test2" time="0.026" classname="TestNGLinstenerSuite.SuiteListenerTest1"/>
</testsuite> <!-- TestNGLinstenerSuite.SuiteListenerTest1 -->
