<?xml version="1.0" encoding="UTF-8"?>
<!-- Generated by org.testng.reporters.JUnitReportReporter -->
<testsuite skipped="0" hostname="DESKTOP-280B4F5" name="Com_DemoActiTime_Tests.DemoB" tests="1" failures="0" timestamp="30 Apr 2020 10:45:55 GMT" time="2.136" errors="0">
  <testcase name="testA" time="2.136" classname="Com_DemoActiTime_Tests.DemoB"/>
</testsuite> <!-- Com_DemoActiTime_Tests.DemoB -->
