<?xml version="1.0" encoding="UTF-8"?>
<!-- Generated by org.testng.reporters.JUnitReportReporter -->
<testsuite skipped="0" hostname="DESKTOP-280B4F5" name="TestNGListener.Demo" tests="1" failures="0" timestamp="05 May 2020 10:17:27 GMT" time="0.008" errors="0">
  <testcase name="TestA" time="0.008" classname="TestNGListener.Demo"/>
</testsuite> <!-- TestNGListener.Demo -->
