<?xml version="1.0" encoding="UTF-8"?>
<!-- Generated by org.testng.reporters.JUnitReportReporter -->
<testsuite skipped="0" hostname="DESKTOP-280B4F5" name="Reports.DemoA" tests="2" failures="0" timestamp="12 May 2020 10:43:04 GMT" time="39.520" errors="0">
  <testcase name="testB" time="0.005" classname="Reports.DemoA"/>
  <testcase name="testA" time="39.515" classname="Reports.DemoA"/>
</testsuite> <!-- Reports.DemoA -->
